\BOOKMARK [0][-]{chapter.1}{Preface}{}% 1
\BOOKMARK [0][-]{chapter.2}{Introduction to Atlantis}{}% 2
\BOOKMARK [1][-]{section.2.1}{Setting up the spatial data}{chapter.2}% 3
\BOOKMARK [1][-]{section.2.2}{Initial Conditions cdf}{chapter.2}% 4
\BOOKMARK [2][-]{subsection.2.2.1}{Initial conditions for Iceland Atlantis}{section.2.2}% 5
\BOOKMARK [1][-]{section.2.3}{Fleet Structure}{chapter.2}% 6
\BOOKMARK [1][-]{section.2.4}{Setting up Atlantis for Iceland}{chapter.2}% 7
\BOOKMARK [2][-]{subsection.2.4.1}{Functional Group Definition File}{section.2.4}% 8
\BOOKMARK [2][-]{subsection.2.4.2}{Data Requirements}{section.2.4}% 9
\BOOKMARK [2][-]{subsection.2.4.3}{Nutrients}{section.2.4}% 10
\BOOKMARK [1][-]{section.2.5}{Additional Iceland Information}{chapter.2}% 11
\BOOKMARK [2][-]{subsection.2.5.1}{Cod}{section.2.5}% 12
\BOOKMARK [2][-]{subsection.2.5.2}{Haddock}{section.2.5}% 13
\BOOKMARK [2][-]{subsection.2.5.3}{Saithe}{section.2.5}% 14
\BOOKMARK [2][-]{subsection.2.5.4}{Phytoplankton}{section.2.5}% 15
\BOOKMARK [1][-]{section.2.6}{Astthorsson et al. \(2007\). Climate variability and the Icelandic marine ecosystem}{chapter.2}% 16
\BOOKMARK [2][-]{subsection.2.6.1}{Google Drive}{section.2.6}% 17
\BOOKMARK [0][-]{chapter*.8}{Bibliography}{}% 18
\BOOKMARK [0][-]{chapter.3}{Appendix}{}% 19
\BOOKMARK [1][-]{section.3.1}{Literature Review}{chapter.3}% 20
\BOOKMARK [1][-]{section.3.2}{Miscellaneous}{chapter.3}% 21
